# JRE version: Java(TM) SE Runtime Environment (8.0_20-b26) (build 1.8.0_20-b26)
# Java VM: Java HotSpot(TM) 64-Bit Server VM (25.20-b23 mixed mode windows-amd64 compressed oops)
Heap:
 PSYoungGen      total 194048K, used 176972K [0x00000000d6f80000, 0x00000000e6700000, 0x0000000100000000)
  eden space 169472K, 89% used [0x00000000d6f80000,0x00000000e045da18,0x00000000e1500000)
  from space 24576K, 99% used [0x00000000e1900000,0x00000000e30f5608,0x00000000e3100000)
  to   space 41984K, 0% used [0x00000000e3e00000,0x00000000e3e00000,0x00000000e6700000)
 ParOldGen       total 650240K, used 428473K [0x0000000084e00000, 0x00000000ac900000, 0x00000000d6f80000)
  object space 650240K, 65% used [0x0000000084e00000,0x000000009f06e588,0x00000000ac900000)
 Metaspace       used 10099K, capacity 10300K, committed 10496K, reserved 1058816K
  class space    used 1153K, capacity 1204K, committed 1280K, reserved 1048576K
GC Heap History (10 events):
Event: 213.684 GC heap before
{Heap before GC invocations=30 (full 7):
 PSYoungGen      total 229376K, used 215989K [0x00000000d6f80000, 0x00000000e7e80000, 0x0000000100000000)
  eden space 191488K, 100% used [0x00000000d6f80000,0x00000000e2a80000,0x00000000e2a80000)
  from space 37888K, 64% used [0x00000000e5980000,0x00000000e716d4f8,0x00000000e7e80000)
  to   space 43008K, 0% used [0x00000000e2a80000,0x00000000e2a80000,0x00000000e5480000)
 ParOldGen       total 650240K, used 428465K [0x0000000084e00000, 0x00000000ac900000, 0x00000000d6f80000)
  object space 650240K, 65% used [0x0000000084e00000,0x000000009f06c588,0x00000000ac900000)
 Metaspace       used 10094K, capacity 10300K, committed 10496K, reserved 1058816K
  class space    used 1153K, capacity 1204K, committed 1280K, reserved 1048576K
Event: 213.688 GC heap after
Heap after GC invocations=30 (full 7):
 PSYoungGen      total 211456K, used 24533K [0x00000000d6f80000, 0x00000000e7a00000, 0x0000000100000000)
  eden space 186880K, 0% used [0x00000000d6f80000,0x00000000d6f80000,0x00000000e2600000)
  from space 24576K, 99% used [0x00000000e2a80000,0x00000000e42754f8,0x00000000e4280000)
  to   space 43008K, 0% used [0x00000000e5000000,0x00000000e5000000,0x00000000e7a00000)
 ParOldGen       total 650240K, used 428465K [0x0000000084e00000, 0x00000000ac900000, 0x00000000d6f80000)
  object space 650240K, 65% used [0x0000000084e00000,0x000000009f06c588,0x00000000ac900000)
 Metaspace       used 10094K, capacity 10300K, committed 10496K, reserved 1058816K
  class space    used 1153K, capacity 1204K, committed 1280K, reserved 1048576K
}
Event: 235.731 GC heap before
{Heap before GC invocations=31 (full 7):
 PSYoungGen      total 211456K, used 211413K [0x00000000d6f80000, 0x00000000e7a00000, 0x0000000100000000)
  eden space 186880K, 100% used [0x00000000d6f80000,0x00000000e2600000,0x00000000e2600000)
  from space 24576K, 99% used [0x00000000e2a80000,0x00000000e42754f8,0x00000000e4280000)
  to   space 43008K, 0% used [0x00000000e5000000,0x00000000e5000000,0x00000000e7a00000)
 ParOldGen       total 650240K, used 428465K [0x0000000084e00000, 0x00000000ac900000, 0x00000000d6f80000)
  object space 650240K, 65% used [0x0000000084e00000,0x000000009f06c588,0x00000000ac900000)
 Metaspace       used 10095K, capacity 10300K, committed 10496K, reserved 1058816K
  class space    used 1153K, capacity 1204K, committed 1280K, reserved 1048576K
Event: 235.735 GC heap after
Heap after GC invocations=31 (full 7):
 PSYoungGen      total 220672K, used 24501K [0x00000000d6f80000, 0x00000000e7580000, 0x0000000100000000)
  eden space 182272K, 0% used [0x00000000d6f80000,0x00000000d6f80000,0x00000000e2180000)
  from space 38400K, 63% used [0x00000000e5000000,0x00000000e67ed4f8,0x00000000e7580000)
  to   space 43008K, 0% used [0x00000000e2180000,0x00000000e2180000,0x00000000e4b80000)
 ParOldGen       total 650240K, used 428473K [0x0000000084e00000, 0x00000000ac900000, 0x00000000d6f80000)
  object space 650240K, 65% used [0x0000000084e00000,0x000000009f06e588,0x00000000ac900000)
 Metaspace       used 10095K, capacity 10300K, committed 10496K, reserved 1058816K
  class space    used 1153K, capacity 1204K, committed 1280K, reserved 1048576K
}
Event: 255.142 GC heap before
{Heap before GC invocations=32 (full 7):
 PSYoungGen      total 220672K, used 206773K [0x00000000d6f80000, 0x00000000e7580000, 0x0000000100000000)
  eden space 182272K, 100% used [0x00000000d6f80000,0x00000000e2180000,0x00000000e2180000)
  from space 38400K, 63% used [0x00000000e5000000,0x00000000e67ed4f8,0x00000000e7580000)
  to   space 43008K, 0% used [0x00000000e2180000,0x00000000e2180000,0x00000000e4b80000)
 ParOldGen       total 650240K, used 428473K [0x0000000084e00000, 0x00000000ac900000, 0x00000000d6f80000)
  object space 650240K, 65% used [0x0000000084e00000,0x000000009f06e588,0x00000000ac900000)
 Metaspace       used 10095K, capacity 10300K, committed 10496K, reserved 1058816K
  class space    used 1153K, capacity 1204K, committed 1280K, reserved 1048576K
Event: 255.147 GC heap after
Heap after GC invocations=32 (full 7):
 PSYoungGen      total 202240K, used 24501K [0x00000000d6f80000, 0x00000000e7000000, 0x0000000100000000)
  eden space 177664K, 0% used [0x00000000d6f80000,0x00000000d6f80000,0x00000000e1d00000)
  from space 24576K, 99% used [0x00000000e2180000,0x00000000e396d608,0x00000000e3980000)
  to   space 42496K, 0% used [0x00000000e4680000,0x00000000e4680000,0x00000000e7000000)
 ParOldGen       total 650240K, used 428473K [0x0000000084e00000, 0x00000000ac900000, 0x00000000d6f80000)
  object space 650240K, 65% used [0x0000000084e00000,0x000000009f06e588,0x00000000ac900000)
 Metaspace       used 10095K, capacity 10300K, committed 10496K, reserved 1058816K
  class space    used 1153K, capacity 1204K, committed 1280K, reserved 1048576K
}
Event: 273.024 GC heap before
{Heap before GC invocations=33 (full 7):
 PSYoungGen      total 202240K, used 202165K [0x00000000d6f80000, 0x00000000e7000000, 0x0000000100000000)
  eden space 177664K, 100% used [0x00000000d6f80000,0x00000000e1d00000,0x00000000e1d00000)
  from space 24576K, 99% used [0x00000000e2180000,0x00000000e396d608,0x00000000e3980000)
  to   space 42496K, 0% used [0x00000000e4680000,0x00000000e4680000,0x00000000e7000000)
 ParOldGen       total 650240K, used 428473K [0x0000000084e00000, 0x00000000ac900000, 0x00000000d6f80000)
  object space 650240K, 65% used [0x0000000084e00000,0x000000009f06e588,0x00000000ac900000)
 Metaspace       used 10096K, capacity 10300K, committed 10496K, reserved 1058816K
  class space    used 1153K, capacity 1204K, committed 1280K, reserved 1048576K
Event: 273.029 GC heap after
Heap after GC invocations=33 (full 7):
 PSYoungGen      total 211968K, used 24533K [0x00000000d6f80000, 0x00000000e6c00000, 0x0000000100000000)
  eden space 173568K, 0% used [0x00000000d6f80000,0x00000000d6f80000,0x00000000e1900000)
  from space 38400K, 63% used [0x00000000e4680000,0x00000000e5e75608,0x00000000e6c00000)
  to   space 42496K, 0% used [0x00000000e1900000,0x00000000e1900000,0x00000000e4280000)
 ParOldGen       total 650240K, used 428473K [0x0000000084e00000, 0x00000000ac900000, 0x00000000d6f80000)
  object space 650240K, 65% used [0x0000000084e00000,0x000000009f06e588,0x00000000ac900000)
 Metaspace       used 10096K, capacity 10300K, committed 10496K, reserved 1058816K
  class space    used 1153K, capacity 1204K, committed 1280K, reserved 1048576K
}
Event: 286.631 GC heap before
{Heap before GC invocations=34 (full 7):
 PSYoungGen      total 211968K, used 198101K [0x00000000d6f80000, 0x00000000e6c00000, 0x0000000100000000)
  eden space 173568K, 100% used [0x00000000d6f80000,0x00000000e1900000,0x00000000e1900000)
  from space 38400K, 63% used [0x00000000e4680000,0x00000000e5e75608,0x00000000e6c00000)
  to   space 42496K, 0% used [0x00000000e1900000,0x00000000e1900000,0x00000000e4280000)
 ParOldGen       total 650240K, used 428473K [0x0000000084e00000, 0x00000000ac900000, 0x00000000d6f80000)
  object space 650240K, 65% used [0x0000000084e00000,0x000000009f06e588,0x00000000ac900000)
 Metaspace       used 10096K, capacity 10300K, committed 10496K, reserved 1058816K
  class space    used 1153K, capacity 1204K, committed 1280K, reserved 1048576K
Event: 286.635 GC heap after
Heap after GC invocations=34 (full 7):
 PSYoungGen      total 194048K, used 24533K [0x00000000d6f80000, 0x00000000e6700000, 0x0000000100000000)
  eden space 169472K, 0% used [0x00000000d6f80000,0x00000000d6f80000,0x00000000e1500000)
  from space 24576K, 99% used [0x00000000e1900000,0x00000000e30f5608,0x00000000e3100000)
  to   space 41984K, 0% used [0x00000000e3e00000,0x00000000e3e00000,0x00000000e6700000)
 ParOldGen       total 650240K, used 428473K [0x0000000084e00000, 0x00000000ac900000, 0x00000000d6f80000)
  object space 650240K, 65% used [0x0000000084e00000,0x000000009f06e588,0x00000000ac900000)
 Metaspace       used 10096K, capacity 10300K, committed 10496K, reserved 1058816K
  class space    used 1153K, capacity 1204K, committed 1280K, reserved 1048576K
}

